2021-12-23 08:28:42.428 INFO - <module>: +++++++++++++++++++++++++NEW+++++++++++++++++++++++++++++
2021-12-23 08:28:42.429 INFO - <module>: Settings Namespace(v='dop_intern,service', s='DOP-SWL-DEIXN005,DOP-SWL-DEIXN006')
2021-12-23 08:28:42.531 INFO - <module>: Switch DOP-SWL-DEIXN005
2021-12-23 08:28:42.629 INFO - <module>: Switch DOP-SWL-DEIXN006
2021-12-23 08:28:42.859 INFO - <module>: VRF 2001 50001 Service
2021-12-23 08:29:05.266 INFO - <module>: +++++++++++++++++++++++++NEW+++++++++++++++++++++++++++++
2021-12-23 08:29:05.266 INFO - <module>: Settings Namespace(v='dop_intern,service', s='DOP-SWL-DEIXN005,DOP-SWL-DEIXN006')
2021-12-23 08:29:05.372 INFO - <module>: Switch DOP-SWL-DEIXN005
2021-12-23 08:29:05.471 INFO - <module>: Switch DOP-SWL-DEIXN006
2021-12-23 08:29:05.757 INFO - <module>: VRF 2001 50001 Service
2021-12-23 08:30:30.316 INFO - <module>: +++++++++++++++++++++++++NEW+++++++++++++++++++++++++++++
2021-12-23 08:30:30.316 INFO - <module>: Settings Namespace(v='dop_intern,service', s='DOP-SWL-DEIXN005,DOP-SWL-DEIXN006')
2021-12-23 08:30:30.435 INFO - <module>: Switch DOP-SWL-DEIXN005
2021-12-23 08:30:30.535 INFO - <module>: Switch DOP-SWL-DEIXN006
2021-12-23 08:30:30.759 INFO - <module>: VRF 2000 50000 DOP_INTERN
2021-12-23 08:30:30.760 INFO - <module>: VRF 2001 50001 Service
2021-12-23 08:41:35.616 INFO - <module>: +++++++++++++++++++++++++NEW+++++++++++++++++++++++++++++
2021-12-23 08:41:35.616 INFO - <module>: Settings Namespace(v='dop_intern,service', s='DOP-SWL-DEIXN005,DOP-SWL-DEIXN006')
2021-12-23 08:41:35.737 INFO - <module>: Switch DOP-SWL-DEIXN005
2021-12-23 08:41:35.858 INFO - <module>: Switch DOP-SWL-DEIXN006
2021-12-23 08:41:36.039 INFO - <module>: VRF 2000 50000 DOP_INTERN
2021-12-23 08:41:36.040 INFO - <module>: VRF 2001 50001 Service
2021-12-23 08:42:01.621 INFO - <module>: +++++++++++++++++++++++++NEW+++++++++++++++++++++++++++++
2021-12-23 08:42:01.621 INFO - <module>: Settings Namespace(v='dop_intern,service', s='DOP-SWL-DEIXN005,DOP-SWL-DEIXN006')
2021-12-23 08:42:01.732 INFO - <module>: Switch DOP-SWL-DEIXN005
2021-12-23 08:42:01.831 INFO - <module>: Switch DOP-SWL-DEIXN006
2021-12-23 08:42:02.019 INFO - <module>: VRF 2000 50000 DOP_INTERN
2021-12-23 08:42:02.020 INFO - <module>: VRF 2001 50001 Service
2021-12-23 08:42:27.917 INFO - <module>: +++++++++++++++++++++++++NEW+++++++++++++++++++++++++++++
2021-12-23 08:42:27.917 INFO - <module>: Settings Namespace(v='dop_intern,service', s='DOP-SWL-DEIXN005,DOP-SWL-DEIXN006')
2021-12-23 08:42:28.024 INFO - <module>: Switch DOP-SWL-DEIXN005
2021-12-23 08:42:28.128 INFO - <module>: Switch DOP-SWL-DEIXN006
2021-12-23 08:42:28.323 INFO - <module>: VRF 2000 50000 DOP_INTERN
2021-12-23 08:42:28.324 INFO - <module>: VRF 2001 50001 Service
2021-12-23 08:42:28.490 INFO - <module>: VRF DOP_INTERN is NOT attached to Switch DOP-SWL-DEIXN006 Serial FDO24480YUK Fabric DOP-FAB-DEIXN001
2021-12-23 08:42:28.490 INFO - <module>: VRF DOP_INTERN is NOT attached to Switch DOP-SWL-DEIXN005 Serial FDO24480Z91 Fabric DOP-FAB-DEIXN001
2021-12-23 08:42:28.662 INFO - <module>: VRF Service is NOT attached to Switch DOP-SWL-DEIXN006 Serial FDO24480YUK Fabric DOP-FAB-DEIXN001
2021-12-23 08:42:28.663 INFO - <module>: VRF Service is NOT attached to Switch DOP-SWL-DEIXN005 Serial FDO24480Z91 Fabric DOP-FAB-DEIXN001
2021-12-23 08:42:28.663 INFO - <module>: Script terminated.
2021-12-23 08:44:17.965 INFO - <module>: +++++++++++++++++++++++++NEW+++++++++++++++++++++++++++++
2021-12-23 08:44:17.966 INFO - <module>: Settings Namespace(v='Nordex,Nordsee', s='DOP-SWL-DEIXN005,DOP-SWL-DEIXN006')
2021-12-23 08:44:18.072 INFO - <module>: Switch DOP-SWL-DEIXN005
2021-12-23 08:44:18.174 INFO - <module>: Switch DOP-SWL-DEIXN006
2021-12-23 08:44:18.357 INFO - <module>: VRF 2016 50016 Nordex
2021-12-23 08:44:18.358 INFO - <module>: VRF 2051 50051 Nordsee
2021-12-23 08:50:24.740 INFO - <module>: +++++++++++++++++++++++++NEW+++++++++++++++++++++++++++++
2021-12-23 08:50:24.740 INFO - <module>: Settings Namespace(v='Nordex,Nordsee', s='DOP-SWL-DEIXN005,DOP-SWL-DEIXN006')
2021-12-23 08:50:24.857 INFO - <module>: Switch DOP-SWL-DEIXN005
2021-12-23 08:50:24.961 INFO - <module>: Switch DOP-SWL-DEIXN006
2021-12-23 08:50:25.170 INFO - <module>: VRF 2016 50016 Nordex
2021-12-23 08:50:25.172 INFO - <module>: VRF 2051 50051 Nordsee
2021-12-23 08:50:25.320 INFO - <module>: VRF Nordsee is ALREADY attached to Switch DOP-SWL-DEIXN006 Serial FDO24480YUK Fabric DOP-FAB-DEIXN001
2021-12-23 08:50:25.320 INFO - <module>: VRF Nordsee is ALREADY attached to Switch DOP-SWL-DEIXN005 Serial FDO24480Z91 Fabric DOP-FAB-DEIXN001
2021-12-23 08:50:25.470 INFO - <module>: Script terminated.
2021-12-23 08:52:15.252 INFO - <module>: +++++++++++++++++++++++++NEW+++++++++++++++++++++++++++++
2021-12-23 08:52:15.252 INFO - <module>: Settings Namespace(v='Nordex,Nordsee', s='DOP-SWL-DEIXN005,DOP-SWL-DEIXN006')
2021-12-23 08:52:15.362 INFO - <module>: Switch DOP-SWL-DEIXN005
2021-12-23 08:52:15.464 INFO - <module>: Switch DOP-SWL-DEIXN006
2021-12-23 08:52:15.662 INFO - <module>: VRF 2016 50016 Nordex
2021-12-23 08:52:15.663 INFO - <module>: VRF 2051 50051 Nordsee
2021-12-29 10:30:20.634 INFO - <module>: +++++++++++++++++++++++++NEW+++++++++++++++++++++++++++++
2021-12-29 10:30:20.635 INFO - <module>: Settings Namespace(v='DLR,Klett,MEFRO,Service', s='FDO25310H5G,FDO25310H4M')
2021-12-29 10:30:20.760 INFO - <module>: Switch DOP-SWL-DEIXN007
2021-12-29 10:30:20.853 INFO - <module>: Switch DOP-SWL-DEIXN008
2021-12-29 10:30:21.042 INFO - <module>: VRF 2034 50034 DLR
2021-12-29 10:30:21.043 INFO - <module>: VRF 2032 50032 Klett
2021-12-29 10:30:21.043 INFO - <module>: VRF 2013 50013 MEFRO
2021-12-29 10:30:21.043 INFO - <module>: VRF 2001 50001 Service
2021-12-29 10:30:51.728 INFO - <module>: +++++++++++++++++++++++++NEW+++++++++++++++++++++++++++++
2021-12-29 10:30:51.728 INFO - <module>: Settings Namespace(v='DLR,Klett,MEFRO,Service', s='FDO25310H5G,FDO25310H4M')
2021-12-29 10:30:51.836 INFO - <module>: Switch DOP-SWL-DEIXN007
2021-12-29 10:30:51.932 INFO - <module>: Switch DOP-SWL-DEIXN008
2021-12-29 10:30:52.119 INFO - <module>: VRF 2034 50034 DLR
2021-12-29 10:30:52.120 INFO - <module>: VRF 2032 50032 Klett
2021-12-29 10:30:52.120 INFO - <module>: VRF 2013 50013 MEFRO
2021-12-29 10:30:52.120 INFO - <module>: VRF 2001 50001 Service
2021-12-29 10:33:15.359 INFO - <module>: +++++++++++++++++++++++++NEW+++++++++++++++++++++++++++++
2021-12-29 10:33:15.359 INFO - <module>: Settings Namespace(v='Klett,MEFRO,Service', s='FDO25310H5G,FDO25310H4M')
2021-12-29 10:33:15.469 INFO - <module>: Switch DOP-SWL-DEIXN007
2021-12-29 10:33:15.568 INFO - <module>: Switch DOP-SWL-DEIXN008
2021-12-29 10:33:15.749 INFO - <module>: VRF 2032 50032 Klett
2021-12-29 10:33:15.750 INFO - <module>: VRF 2013 50013 MEFRO
2021-12-29 10:33:15.751 INFO - <module>: VRF 2001 50001 Service
2021-12-29 10:33:51.586 INFO - <module>: +++++++++++++++++++++++++NEW+++++++++++++++++++++++++++++
2021-12-29 10:33:51.587 INFO - <module>: Settings Namespace(v='Klett,MEFRO,Service', s='FDO25310H5G,FDO25310H4M')
2021-12-29 10:33:51.722 INFO - <module>: Switch DOP-SWL-DEIXN007
2021-12-29 10:33:51.858 INFO - <module>: Switch DOP-SWL-DEIXN008
2021-12-29 10:33:52.071 INFO - <module>: VRF 2032 50032 Klett
2021-12-29 10:33:52.072 INFO - <module>: VRF 2013 50013 MEFRO
2021-12-29 10:33:52.073 INFO - <module>: VRF 2001 50001 Service
2021-12-29 10:33:52.758 INFO - <module>: Attach: Unrecognized field &quot;vrfName&quot; (class com.cisco.dcbu.vinci.rest.resources.topdown.LanAttach), not marked as ignorable
2021-12-29 10:33:52.921 INFO - <module>: Attach: Unrecognized field &quot;vrfName&quot; (class com.cisco.dcbu.vinci.rest.resources.topdown.LanAttach), not marked as ignorable
2021-12-29 10:33:53.077 INFO - <module>: Attach: Unrecognized field &quot;vrfName&quot; (class com.cisco.dcbu.vinci.rest.resources.topdown.LanAttach), not marked as ignorable
2021-12-29 10:35:18.210 INFO - <module>: +++++++++++++++++++++++++NEW+++++++++++++++++++++++++++++
2021-12-29 10:35:18.210 INFO - <module>: Settings Namespace(v='Klett,MEFRO,Service', s='FDO25310H5G,FDO25310H4M')
2021-12-29 10:35:18.312 INFO - <module>: Switch DOP-SWL-DEIXN007
2021-12-29 10:35:18.408 INFO - <module>: Switch DOP-SWL-DEIXN008
2021-12-29 10:35:18.594 INFO - <module>: VRF 2032 50032 Klett
2021-12-29 10:35:18.595 INFO - <module>: VRF 2013 50013 MEFRO
2021-12-29 10:35:18.595 INFO - <module>: VRF 2001 50001 Service
2021-12-29 10:35:19.064 INFO - <module>: Poststring: 
[
    {
        "lanAttachList": [
{
                "fabric": "DOP-FAB-DEIXN001", 
                "vrfName": "Klett", 
                "serialNumber": "FDO25310H5G", 
                "vlan": 0, 
                "deployment": true, 
                "extensionValues": "", 
                "instanceValues": "" 
            }
            
2021-12-29 10:35:19.065 INFO - <module>: Poststring: 
[
    {
        "lanAttachList": [
{
                "fabric": "DOP-FAB-DEIXN001", 
                "vrfName": "Klett", 
                "serialNumber": "FDO25310H5G", 
                "vlan": 0, 
                "deployment": true, 
                "extensionValues": "", 
                "instanceValues": "" 
            }
            ,{
                "fabric": "DOP-FAB-DEIXN001", 
                "vrfName": "Klett", 
                "serialNumber": "FDO25310H4M", 
                "vlan": 0, 
                "deployment": true, 
                "extensionValues": "", 
                "instanceValues": "" 
            }
            
2021-12-29 10:35:19.222 INFO - <module>: Attach: Unrecognized field &quot;vrfName&quot; (class com.cisco.dcbu.vinci.rest.resources.topdown.LanAttach), not marked as ignorable
2021-12-29 10:35:19.222 INFO - <module>: Poststring: 
[
    {
        "lanAttachList": [
{
                "fabric": "DOP-FAB-DEIXN001", 
                "vrfName": "MEFRO", 
                "serialNumber": "FDO25310H5G", 
                "vlan": 0, 
                "deployment": true, 
                "extensionValues": "", 
                "instanceValues": "" 
            }
            
2021-12-29 10:35:19.222 INFO - <module>: Poststring: 
[
    {
        "lanAttachList": [
{
                "fabric": "DOP-FAB-DEIXN001", 
                "vrfName": "MEFRO", 
                "serialNumber": "FDO25310H5G", 
                "vlan": 0, 
                "deployment": true, 
                "extensionValues": "", 
                "instanceValues": "" 
            }
            ,{
                "fabric": "DOP-FAB-DEIXN001", 
                "vrfName": "MEFRO", 
                "serialNumber": "FDO25310H4M", 
                "vlan": 0, 
                "deployment": true, 
                "extensionValues": "", 
                "instanceValues": "" 
            }
            
2021-12-29 10:35:19.374 INFO - <module>: Attach: Unrecognized field &quot;vrfName&quot; (class com.cisco.dcbu.vinci.rest.resources.topdown.LanAttach), not marked as ignorable
2021-12-29 10:35:19.374 INFO - <module>: Poststring: 
[
    {
        "lanAttachList": [
{
                "fabric": "DOP-FAB-DEIXN001", 
                "vrfName": "Service", 
                "serialNumber": "FDO25310H5G", 
                "vlan": 0, 
                "deployment": true, 
                "extensionValues": "", 
                "instanceValues": "" 
            }
            
2021-12-29 10:35:19.374 INFO - <module>: Poststring: 
[
    {
        "lanAttachList": [
{
                "fabric": "DOP-FAB-DEIXN001", 
                "vrfName": "Service", 
                "serialNumber": "FDO25310H5G", 
                "vlan": 0, 
                "deployment": true, 
                "extensionValues": "", 
                "instanceValues": "" 
            }
            ,{
                "fabric": "DOP-FAB-DEIXN001", 
                "vrfName": "Service", 
                "serialNumber": "FDO25310H4M", 
                "vlan": 0, 
                "deployment": true, 
                "extensionValues": "", 
                "instanceValues": "" 
            }
            
2021-12-29 10:35:19.526 INFO - <module>: Attach: Unrecognized field &quot;vrfName&quot; (class com.cisco.dcbu.vinci.rest.resources.topdown.LanAttach), not marked as ignorable
2021-12-29 10:38:00.150 INFO - <module>: +++++++++++++++++++++++++NEW+++++++++++++++++++++++++++++
2021-12-29 10:38:00.150 INFO - <module>: Settings Namespace(v='Klett,MEFRO,Service', s='FDO25310H5G,FDO25310H4M')
2021-12-29 10:38:00.263 INFO - <module>: Switch DOP-SWL-DEIXN007
2021-12-29 10:38:00.359 INFO - <module>: Switch DOP-SWL-DEIXN008
2021-12-29 10:38:00.558 INFO - <module>: VRF 2032 50032 Klett
2021-12-29 10:38:00.558 INFO - <module>: VRF 2013 50013 MEFRO
2021-12-29 10:38:00.558 INFO - <module>: VRF 2001 50001 Service
2021-12-29 10:38:01.132 INFO - <module>: Poststring: 
[
    {
        "lanAttachList": [
{
                "fabric": "DOP-FAB-DEIXN001", 
                "vrfName": "Klett", 
                "serialNumber": "FDO25310H5G", 
                "vlan": 0, 
                "deployment": true, 
                "extensionValues": "", 
                "instanceValues": "" 
            }
            
2021-12-29 10:38:01.132 INFO - <module>: Poststring: 
[
    {
        "lanAttachList": [
{
                "fabric": "DOP-FAB-DEIXN001", 
                "vrfName": "Klett", 
                "serialNumber": "FDO25310H5G", 
                "vlan": 0, 
                "deployment": true, 
                "extensionValues": "", 
                "instanceValues": "" 
            }
            ,{
                "fabric": "DOP-FAB-DEIXN001", 
                "vrfName": "Klett", 
                "serialNumber": "FDO25310H4M", 
                "vlan": 0, 
                "deployment": true, 
                "extensionValues": "", 
                "instanceValues": "" 
            }
            
2021-12-29 10:38:01.306 INFO - <module>: Attach: Unrecognized field &quot;vrfName&quot; (class com.cisco.dcbu.vinci.rest.resources.topdown.LanAttach), not marked as ignorable
2021-12-29 10:38:01.306 INFO - <module>: Poststring: 
[
    {
        "lanAttachList": [
{
                "fabric": "DOP-FAB-DEIXN001", 
                "vrfName": "MEFRO", 
                "serialNumber": "FDO25310H5G", 
                "vlan": 0, 
                "deployment": true, 
                "extensionValues": "", 
                "instanceValues": "" 
            }
            
2021-12-29 10:38:01.307 INFO - <module>: Poststring: 
[
    {
        "lanAttachList": [
{
                "fabric": "DOP-FAB-DEIXN001", 
                "vrfName": "MEFRO", 
                "serialNumber": "FDO25310H5G", 
                "vlan": 0, 
                "deployment": true, 
                "extensionValues": "", 
                "instanceValues": "" 
            }
            ,{
                "fabric": "DOP-FAB-DEIXN001", 
                "vrfName": "MEFRO", 
                "serialNumber": "FDO25310H4M", 
                "vlan": 0, 
                "deployment": true, 
                "extensionValues": "", 
                "instanceValues": "" 
            }
            
2021-12-29 10:38:01.465 INFO - <module>: Attach: Unrecognized field &quot;vrfName&quot; (class com.cisco.dcbu.vinci.rest.resources.topdown.LanAttach), not marked as ignorable
2021-12-29 10:38:01.465 INFO - <module>: Poststring: 
[
    {
        "lanAttachList": [
{
                "fabric": "DOP-FAB-DEIXN001", 
                "vrfName": "Service", 
                "serialNumber": "FDO25310H5G", 
                "vlan": 0, 
                "deployment": true, 
                "extensionValues": "", 
                "instanceValues": "" 
            }
            
2021-12-29 10:38:01.465 INFO - <module>: Poststring: 
[
    {
        "lanAttachList": [
{
                "fabric": "DOP-FAB-DEIXN001", 
                "vrfName": "Service", 
                "serialNumber": "FDO25310H5G", 
                "vlan": 0, 
                "deployment": true, 
                "extensionValues": "", 
                "instanceValues": "" 
            }
            ,{
                "fabric": "DOP-FAB-DEIXN001", 
                "vrfName": "Service", 
                "serialNumber": "FDO25310H4M", 
                "vlan": 0, 
                "deployment": true, 
                "extensionValues": "", 
                "instanceValues": "" 
            }
            
2021-12-29 10:38:01.637 INFO - <module>: Attach: Unrecognized field &quot;vrfName&quot; (class com.cisco.dcbu.vinci.rest.resources.topdown.LanAttach), not marked as ignorable
2021-12-29 10:39:26.847 INFO - <module>: +++++++++++++++++++++++++NEW+++++++++++++++++++++++++++++
2021-12-29 10:39:26.847 INFO - <module>: Settings Namespace(v='Klett', s='FDO25310H5G,FDO25310H4M')
2021-12-29 10:39:26.946 INFO - <module>: Switch DOP-SWL-DEIXN007
2021-12-29 10:39:27.043 INFO - <module>: Switch DOP-SWL-DEIXN008
2021-12-29 10:39:27.235 INFO - <module>: VRF 2032 50032 Klett
2021-12-29 10:39:27.392 INFO - <module>: Poststring: 
[
    {
        "lanAttachList": [
{
                "fabric": "DOP-FAB-DEIXN001", 
                "vrfName": "Klett", 
                "serialNumber": "FDO25310H5G", 
                "vlan": 0, 
                "deployment": true, 
                "extensionValues": "", 
                "instanceValues": "" 
            }
            ,{
                "fabric": "DOP-FAB-DEIXN001", 
                "vrfName": "Klett", 
                "serialNumber": "FDO25310H4M", 
                "vlan": 0, 
                "deployment": true, 
                "extensionValues": "", 
                "instanceValues": "" 
            }
            ],
        "vrfName": "Klett"
    }
]
    
2021-12-29 10:39:27.548 INFO - <module>: Attach: Unrecognized field &quot;vrfName&quot; (class com.cisco.dcbu.vinci.rest.resources.topdown.LanAttach), not marked as ignorable
2021-12-29 10:43:04.683 INFO - <module>: +++++++++++++++++++++++++NEW+++++++++++++++++++++++++++++
2021-12-29 10:43:04.683 INFO - <module>: Settings Namespace(v='Klett', s='FDO25310H5G,FDO25310H4M')
2021-12-29 10:43:04.799 INFO - <module>: Switch DOP-SWL-DEIXN007
2021-12-29 10:43:04.901 INFO - <module>: Switch DOP-SWL-DEIXN008
2021-12-29 10:43:05.092 INFO - <module>: VRF 2032 50032 Klett
2021-12-29 10:43:05.665 INFO - <module>: Attach: {"Klett-[FDO25310H5G/dop-swl-deixn007]":"SUCCESS Peer attach Reponse :  SUCCESS"}
2021-12-29 10:43:46.526 INFO - <module>: +++++++++++++++++++++++++NEW+++++++++++++++++++++++++++++
2021-12-29 10:43:46.526 INFO - <module>: Settings Namespace(v='MEFRO,Service,GBS,WCK,DOKUMENTAL,DMZ,Sabo,CAVENDISH', s='FDO25310H5G,FDO25310H4M')
2021-12-29 10:43:46.625 INFO - <module>: Switch DOP-SWL-DEIXN007
2021-12-29 10:43:46.733 INFO - <module>: Switch DOP-SWL-DEIXN008
2021-12-29 10:43:46.911 INFO - <module>: VRF 2013 50013 MEFRO
2021-12-29 10:43:46.912 INFO - <module>: VRF 2001 50001 Service
2021-12-29 10:43:46.912 INFO - <module>: VRF 2047 50047 GBS
2021-12-29 10:43:46.912 INFO - <module>: VRF 2022 50022 WCK
2021-12-29 10:43:46.913 INFO - <module>: VRF 2027 50027 DOKUMENTAL
2021-12-29 10:43:46.913 INFO - <module>: VRF 2009 50009 DMZ
2021-12-29 10:43:46.914 INFO - <module>: VRF 2010 50010 Sabo
2021-12-29 10:43:46.914 INFO - <module>: VRF 2012 50012 CAVENDISH
2021-12-29 10:43:52.727 INFO - <module>: Attach: {"MEFRO-[FDO25310H5G/dop-swl-deixn007]":"SUCCESS Peer attach Reponse :  SUCCESS"}
2021-12-29 10:43:53.111 INFO - <module>: Attach: {"Service-[FDO25310H5G/dop-swl-deixn007]":"SUCCESS Peer attach Reponse :  SUCCESS"}
2021-12-29 10:43:53.517 INFO - <module>: Attach: {"GBS-[FDO25310H5G/dop-swl-deixn007]":"SUCCESS Peer attach Reponse :  SUCCESS"}
2021-12-29 10:43:53.884 INFO - <module>: Attach: {"WCK-[FDO25310H5G/dop-swl-deixn007]":"SUCCESS Peer attach Reponse :  SUCCESS"}
2021-12-29 10:43:54.280 INFO - <module>: Attach: {"DOKUMENTAL-[FDO25310H5G/dop-swl-deixn007]":"SUCCESS Peer attach Reponse :  SUCCESS"}
2021-12-29 10:43:54.661 INFO - <module>: Attach: {"DMZ-[FDO25310H5G/dop-swl-deixn007]":"SUCCESS Peer attach Reponse :  SUCCESS"}
2021-12-29 10:43:55.078 INFO - <module>: Attach: {"Sabo-[FDO25310H5G/dop-swl-deixn007]":"SUCCESS Peer attach Reponse :  SUCCESS"}
2021-12-29 10:43:55.492 INFO - <module>: Attach: {"CAVENDISH-[FDO25310H5G/dop-swl-deixn007]":"SUCCESS Peer attach Reponse :  SUCCESS"}
2021-12-29 10:52:00.489 INFO - <module>: +++++++++++++++++++++++++NEW+++++++++++++++++++++++++++++
2021-12-29 10:52:00.490 INFO - <module>: Settings Namespace(v='Nordex,CHRIST,BLK,Vibalogics,DOP_INTERN,SOC,Dammers,HIL,LAM', s='FDO25310H5G,FDO25310H4M')
2021-12-29 10:52:00.615 INFO - <module>: Switch DOP-SWL-DEIXN007
2021-12-29 10:52:00.752 INFO - <module>: Switch DOP-SWL-DEIXN008
2021-12-29 10:52:00.958 INFO - <module>: VRF 2016 50016 Nordex
2021-12-29 10:52:00.960 INFO - <module>: VRF 2042 50042 CHRIST
2021-12-29 10:52:00.962 INFO - <module>: VRF 2037 50037 BLK
2021-12-29 10:52:00.963 INFO - <module>: VRF 2021 50021 Vibalogics
2021-12-29 10:52:00.964 INFO - <module>: VRF 2000 50000 DOP_INTERN
2021-12-29 10:52:00.964 INFO - <module>: VRF 2008 50008 SOC
2021-12-29 10:52:00.965 INFO - <module>: VRF 2035 50035 Dammers
2021-12-29 10:52:00.965 INFO - <module>: VRF 2049 50049 HIL
2021-12-29 10:52:00.966 INFO - <module>: VRF 2038 50038 LAM
2021-12-29 10:52:04.718 INFO - <module>: Attach: {"Nordex-[FDO25310H5G/dop-swl-deixn007]":"SUCCESS Peer attach Reponse :  SUCCESS"}
2021-12-29 10:52:05.043 INFO - <module>: Attach: {"CHRIST-[FDO25310H5G/dop-swl-deixn007]":"SUCCESS Peer attach Reponse :  SUCCESS"}
2021-12-29 10:52:05.369 INFO - <module>: Attach: {"BLK-[FDO25310H5G/dop-swl-deixn007]":"SUCCESS Peer attach Reponse :  SUCCESS"}
2021-12-29 10:52:05.759 INFO - <module>: Attach: {"Vibalogics-[FDO25310H5G/dop-swl-deixn007]":"SUCCESS Peer attach Reponse :  SUCCESS"}
2021-12-29 10:52:06.175 INFO - <module>: Attach: {"DOP_INTERN-[FDO25310H5G/dop-swl-deixn007]":"SUCCESS Peer attach Reponse :  SUCCESS"}
2021-12-29 10:52:06.635 INFO - <module>: Attach: {"SOC-[FDO25310H5G/dop-swl-deixn007]":"SUCCESS Peer attach Reponse :  SUCCESS"}
2021-12-29 10:52:06.981 INFO - <module>: Attach: {"Dammers-[FDO25310H5G/dop-swl-deixn007]":"SUCCESS Peer attach Reponse :  SUCCESS"}
2021-12-29 10:52:07.436 INFO - <module>: Attach: {"HIL-[FDO25310H5G/dop-swl-deixn007]":"SUCCESS Peer attach Reponse :  SUCCESS"}
2021-12-29 10:52:07.875 INFO - <module>: Attach: {"LAM-[FDO25310H5G/dop-swl-deixn007]":"SUCCESS Peer attach Reponse :  SUCCESS"}
2021-12-29 10:53:03.315 INFO - <module>: +++++++++++++++++++++++++NEW+++++++++++++++++++++++++++++
2021-12-29 10:53:03.315 INFO - <module>: Settings Namespace(v='Kosmos,DONGES,HELLA,Wallenstein,SECOP,WEKA,REIFF,EVC,Extern', s='FDO25310H5G,FDO25310H4M')
2021-12-29 10:53:03.428 INFO - <module>: Switch DOP-SWL-DEIXN007
2021-12-29 10:53:03.616 INFO - <module>: Switch DOP-SWL-DEIXN008
2021-12-29 10:53:03.898 INFO - <module>: VRF 2019 50019 Kosmos
2021-12-29 10:53:03.899 INFO - <module>: VRF 2043 50043 DONGES
2021-12-29 10:53:03.901 INFO - <module>: VRF 2040 50040 HELLA
2021-12-29 10:53:03.903 INFO - <module>: VRF 2023 50023 Wallenstein
2021-12-29 10:53:03.904 INFO - <module>: VRF 2031 50031 SECOP
2021-12-29 10:53:03.905 INFO - <module>: VRF 2011 50011 WEKA
2021-12-29 10:53:03.906 INFO - <module>: VRF 2039 50039 REIFF
2021-12-29 10:53:03.907 INFO - <module>: VRF 2030 50030 EVC
2021-12-29 10:53:03.908 INFO - <module>: VRF 2006 50006 Extern
2021-12-29 10:53:07.346 INFO - <module>: Attach: {"Kosmos-[FDO25310H5G/dop-swl-deixn007]":"SUCCESS Peer attach Reponse :  SUCCESS"}
2021-12-29 10:53:07.843 INFO - <module>: Attach: {"DONGES-[FDO25310H5G/dop-swl-deixn007]":"SUCCESS Peer attach Reponse :  SUCCESS"}
2021-12-29 10:53:09.306 INFO - <module>: Attach: {"HELLA-[FDO25310H5G/dop-swl-deixn007]":"SUCCESS Peer attach Reponse :  SUCCESS"}
2021-12-29 10:53:09.743 INFO - <module>: Attach: {"Wallenstein-[FDO25310H5G/dop-swl-deixn007]":"SUCCESS Peer attach Reponse :  SUCCESS"}
2021-12-29 10:53:11.275 INFO - <module>: Attach: {"SECOP-[FDO25310H5G/dop-swl-deixn007]":"SUCCESS Peer attach Reponse :  SUCCESS"}
2021-12-29 10:53:12.862 INFO - <module>: Attach: {"WEKA-[FDO25310H5G/dop-swl-deixn007]":"SUCCESS Peer attach Reponse :  SUCCESS"}
2021-12-29 10:53:13.342 INFO - <module>: Attach: {"REIFF-[FDO25310H5G/dop-swl-deixn007]":"SUCCESS Peer attach Reponse :  SUCCESS"}
2021-12-29 10:53:13.797 INFO - <module>: Attach: {"EVC-[FDO25310H5G/dop-swl-deixn007]":"SUCCESS Peer attach Reponse :  SUCCESS"}
2021-12-29 10:53:14.203 INFO - <module>: Attach: {"Extern-[FDO25310H5G/dop-swl-deixn007]":"SUCCESS Peer attach Reponse :  SUCCESS"}
2021-12-29 10:59:42.654 INFO - <module>: +++++++++++++++++++++++++NEW+++++++++++++++++++++++++++++
2021-12-29 10:59:42.654 INFO - <module>: Settings Namespace(v='MWI,ERSPAN,SINN,OfficeFirst,MPLS,SCHLT,OoB,Fidelis,ENMO,Nordsee', s='FDO25310H5G,FDO25310H4M')
2021-12-29 10:59:42.779 INFO - <module>: Switch DOP-SWL-DEIXN007
2021-12-29 10:59:42.889 INFO - <module>: Switch DOP-SWL-DEIXN008
2021-12-29 10:59:43.109 INFO - <module>: VRF 2036 50036 MWI
2021-12-29 10:59:43.111 INFO - <module>: VRF 2007 50007 ERSPAN
2021-12-29 10:59:43.112 INFO - <module>: VRF 2033 50033 SINN
2021-12-29 10:59:43.113 INFO - <module>: VRF 2029 50029 OfficeFirst
2021-12-29 10:59:43.114 INFO - <module>: VRF 2003 50003 MPLS
2021-12-29 10:59:43.116 INFO - <module>: VRF 2041 50041 SCHLT
2021-12-29 10:59:43.117 INFO - <module>: VRF 2004 50004 OoB
2021-12-29 10:59:43.118 INFO - <module>: VRF 2015 50015 Fidelis
2021-12-29 10:59:43.120 INFO - <module>: VRF 2052 50052 ENMO
2021-12-29 10:59:43.122 INFO - <module>: VRF 2051 50051 Nordsee
2021-12-29 10:59:47.351 INFO - <module>: Attach: {"MWI-[FDO25310H5G/dop-swl-deixn007]":"SUCCESS Peer attach Reponse :  SUCCESS"}
2021-12-29 10:59:47.772 INFO - <module>: Attach: {"ERSPAN-[FDO25310H5G/dop-swl-deixn007]":"SUCCESS Peer attach Reponse :  SUCCESS"}
2021-12-29 10:59:48.150 INFO - <module>: Attach: {"SINN-[FDO25310H5G/dop-swl-deixn007]":"SUCCESS Peer attach Reponse :  SUCCESS"}
2021-12-29 10:59:48.554 INFO - <module>: Attach: {"OfficeFirst-[FDO25310H5G/dop-swl-deixn007]":"SUCCESS Peer attach Reponse :  SUCCESS"}
2021-12-29 10:59:48.879 INFO - <module>: Attach: {"MPLS-[FDO25310H5G/dop-swl-deixn007]":"SUCCESS Peer attach Reponse :  SUCCESS"}
2021-12-29 10:59:49.203 INFO - <module>: Attach: {"SCHLT-[FDO25310H5G/dop-swl-deixn007]":"SUCCESS Peer attach Reponse :  SUCCESS"}
2021-12-29 10:59:49.513 INFO - <module>: Attach: {"OoB-[FDO25310H5G/dop-swl-deixn007]":"SUCCESS Peer attach Reponse :  SUCCESS"}
2021-12-29 10:59:49.943 INFO - <module>: Attach: {"Fidelis-[FDO25310H5G/dop-swl-deixn007]":"SUCCESS Peer attach Reponse :  SUCCESS"}
2021-12-29 10:59:50.325 INFO - <module>: Attach: {"ENMO-[FDO25310H5G/dop-swl-deixn007]":"SUCCESS Peer attach Reponse :  SUCCESS"}
2021-12-29 10:59:50.719 INFO - <module>: Attach: {"Nordsee-[FDO25310H5G/dop-swl-deixn007]":"SUCCESS Peer attach Reponse :  SUCCESS"}
2021-12-29 11:00:09.584 INFO - <module>: +++++++++++++++++++++++++NEW+++++++++++++++++++++++++++++
2021-12-29 11:00:09.584 INFO - <module>: Settings Namespace(v='MEZCRAFT,Almato,OPS-MGMT,THA,VitalAir,Mercoline,Ilim_Timber,Vedes', s='FDO25310H5G,FDO25310H4M')
2021-12-29 11:00:09.712 INFO - <module>: Switch DOP-SWL-DEIXN007
2021-12-29 11:00:09.858 INFO - <module>: Switch DOP-SWL-DEIXN008
2021-12-29 11:00:10.115 INFO - <module>: VRF 2025 50025 MEZCRAFT
2021-12-29 11:00:10.116 INFO - <module>: VRF 2050 50050 Almato
2021-12-29 11:00:10.116 INFO - <module>: VRF 2005 50005 OPS-MGMT
2021-12-29 11:00:10.117 INFO - <module>: VRF 2045 50045 THA
2021-12-29 11:00:10.117 INFO - <module>: VRF 2048 50048 VitalAir
2021-12-29 11:00:10.118 INFO - <module>: VRF 2020 50020 Mercoline
2021-12-29 11:00:10.118 INFO - <module>: VRF 2014 50014 Ilim_Timber
2021-12-29 11:00:10.119 INFO - <module>: VRF 2018 50018 Vedes
2021-12-29 11:00:11.788 INFO - <module>: Attach: {"MEZCRAFT-[FDO25310H5G/dop-swl-deixn007]":"SUCCESS Peer attach Reponse :  SUCCESS"}
2021-12-29 11:00:12.110 INFO - <module>: Attach: {"Almato-[FDO25310H5G/dop-swl-deixn007]":"SUCCESS Peer attach Reponse :  SUCCESS"}
2021-12-29 11:00:12.486 INFO - <module>: Attach: {"OPS-MGMT-[FDO25310H5G/dop-swl-deixn007]":"SUCCESS Peer attach Reponse :  SUCCESS"}
2021-12-29 11:00:12.916 INFO - <module>: Attach: {"THA-[FDO25310H5G/dop-swl-deixn007]":"SUCCESS Peer attach Reponse :  SUCCESS"}
2021-12-29 11:00:13.336 INFO - <module>: Attach: {"VitalAir-[FDO25310H5G/dop-swl-deixn007]":"SUCCESS Peer attach Reponse :  SUCCESS"}
2021-12-29 11:00:13.653 INFO - <module>: Attach: {"Mercoline-[FDO25310H5G/dop-swl-deixn007]":"SUCCESS Peer attach Reponse :  SUCCESS"}
2021-12-29 11:00:14.099 INFO - <module>: Attach: {"Ilim_Timber-[FDO25310H5G/dop-swl-deixn007]":"SUCCESS Peer attach Reponse :  SUCCESS"}
2021-12-29 11:00:14.476 INFO - <module>: Attach: {"Vedes-[FDO25310H5G/dop-swl-deixn007]":"SUCCESS Peer attach Reponse :  SUCCESS"}
2021-12-29 11:00:25.744 INFO - <module>: +++++++++++++++++++++++++NEW+++++++++++++++++++++++++++++
2021-12-29 11:00:25.744 INFO - <module>: Settings Namespace(v='MMG,Granovit,TYTOGAZ,Hochwald,APTIV,DEMO,MONTRATEC', s='FDO25310H5G,FDO25310H4M')
2021-12-29 11:00:25.848 INFO - <module>: Switch DOP-SWL-DEIXN007
2021-12-29 11:00:25.960 INFO - <module>: Switch DOP-SWL-DEIXN008
2021-12-29 11:00:26.140 INFO - <module>: VRF 2044 50044 MMG
2021-12-29 11:00:26.141 INFO - <module>: VRF 2017 50017 Granovit
2021-12-29 11:00:26.141 INFO - <module>: VRF 2026 50026 TYTOGAZ
2021-12-29 11:00:26.141 INFO - <module>: VRF 2028 50028 Hochwald
2021-12-29 11:00:26.142 INFO - <module>: VRF 2046 50046 APTIV
2021-12-29 11:00:26.142 INFO - <module>: VRF 2053 50053 DEMO
2021-12-29 11:00:26.142 INFO - <module>: VRF 2024 50024 MONTRATEC
2021-12-29 11:00:27.597 INFO - <module>: Attach: {"MMG-[FDO25310H5G/dop-swl-deixn007]":"SUCCESS Peer attach Reponse :  SUCCESS"}
2021-12-29 11:00:27.987 INFO - <module>: Attach: {"Granovit-[FDO25310H5G/dop-swl-deixn007]":"SUCCESS Peer attach Reponse :  SUCCESS"}
2021-12-29 11:00:28.399 INFO - <module>: Attach: {"TYTOGAZ-[FDO25310H5G/dop-swl-deixn007]":"SUCCESS Peer attach Reponse :  SUCCESS"}
2021-12-29 11:00:28.782 INFO - <module>: Attach: {"Hochwald-[FDO25310H5G/dop-swl-deixn007]":"SUCCESS Peer attach Reponse :  SUCCESS"}
2021-12-29 11:00:29.096 INFO - <module>: Attach: {"APTIV-[FDO25310H5G/dop-swl-deixn007]":"SUCCESS Peer attach Reponse :  SUCCESS"}
2021-12-29 11:00:29.466 INFO - <module>: Attach: {"DEMO-[FDO25310H5G/dop-swl-deixn007]":"SUCCESS Peer attach Reponse :  SUCCESS"}
2021-12-29 11:00:29.883 INFO - <module>: Attach: {"MONTRATEC-[FDO25310H5G/dop-swl-deixn007]":"SUCCESS Peer attach Reponse :  SUCCESS"}
2021-12-29 11:48:26.540 INFO - <module>: +++++++++++++++++++++++++NEW+++++++++++++++++++++++++++++
2021-12-29 11:48:26.540 INFO - <module>: Settings Namespace(v='DLR,Klett,MEFRO,Service,GBS,WCK,DOKUMENTAL,DMZ,Sabo,CAVENDISH,Nordex,CHRIST,BLK,Vibalogics,DOP_INTERN,SOC,Dammers,HIL,LAM', s='FDO25300XPX,FDO25310H8J')
2021-12-29 11:48:26.643 INFO - <module>: Switch DOP-SWL-DECYO007
2021-12-29 11:48:26.751 INFO - <module>: Switch DOP-SWL-DECYO008
2021-12-29 11:48:26.959 INFO - <module>: VRF 2034 50034 DLR
2021-12-29 11:48:26.959 INFO - <module>: VRF 2032 50032 Klett
2021-12-29 11:48:26.960 INFO - <module>: VRF 2013 50013 MEFRO
2021-12-29 11:48:26.960 INFO - <module>: VRF 2001 50001 Service
2021-12-29 11:48:26.961 INFO - <module>: VRF 2047 50047 GBS
2021-12-29 11:48:26.961 INFO - <module>: VRF 2022 50022 WCK
2021-12-29 11:48:26.961 INFO - <module>: VRF 2027 50027 DOKUMENTAL
2021-12-29 11:48:26.962 INFO - <module>: VRF 2009 50009 DMZ
2021-12-29 11:48:26.962 INFO - <module>: VRF 2010 50010 Sabo
2021-12-29 11:48:26.963 INFO - <module>: VRF 2012 50012 CAVENDISH
2021-12-29 11:48:26.963 INFO - <module>: VRF 2016 50016 Nordex
2021-12-29 11:48:26.963 INFO - <module>: VRF 2042 50042 CHRIST
2021-12-29 11:48:26.964 INFO - <module>: VRF 2037 50037 BLK
2021-12-29 11:48:26.964 INFO - <module>: VRF 2021 50021 Vibalogics
2021-12-29 11:48:26.964 INFO - <module>: VRF 2000 50000 DOP_INTERN
2021-12-29 11:48:26.965 INFO - <module>: VRF 2008 50008 SOC
2021-12-29 11:48:26.965 INFO - <module>: VRF 2035 50035 Dammers
2021-12-29 11:48:26.966 INFO - <module>: VRF 2049 50049 HIL
2021-12-29 11:48:26.966 INFO - <module>: VRF 2038 50038 LAM
2021-12-29 11:48:34.945 INFO - <module>: Attach: {"DLR-[FDO25300XPX/dop-swl-decyo007]":"SUCCESS Peer attach Reponse :  SUCCESS"}
2021-12-29 11:48:35.341 INFO - <module>: Attach: {"Klett-[FDO25300XPX/dop-swl-decyo007]":"SUCCESS Peer attach Reponse :  SUCCESS"}
2021-12-29 11:48:35.721 INFO - <module>: Attach: {"MEFRO-[FDO25300XPX/dop-swl-decyo007]":"SUCCESS Peer attach Reponse :  SUCCESS"}
2021-12-29 11:48:36.099 INFO - <module>: Attach: {"Service-[FDO25300XPX/dop-swl-decyo007]":"SUCCESS Peer attach Reponse :  SUCCESS"}
2021-12-29 11:48:36.472 INFO - <module>: Attach: {"GBS-[FDO25300XPX/dop-swl-decyo007]":"SUCCESS Peer attach Reponse :  SUCCESS"}
2021-12-29 11:48:36.843 INFO - <module>: Attach: {"WCK-[FDO25300XPX/dop-swl-decyo007]":"SUCCESS Peer attach Reponse :  SUCCESS"}
2021-12-29 11:48:38.229 INFO - <module>: Attach: {"DOKUMENTAL-[FDO25300XPX/dop-swl-decyo007]":"SUCCESS Peer attach Reponse :  SUCCESS"}
2021-12-29 11:48:38.605 INFO - <module>: Attach: {"DMZ-[FDO25300XPX/dop-swl-decyo007]":"SUCCESS Peer attach Reponse :  SUCCESS"}
2021-12-29 11:48:38.975 INFO - <module>: Attach: {"Sabo-[FDO25300XPX/dop-swl-decyo007]":"SUCCESS Peer attach Reponse :  SUCCESS"}
2021-12-29 11:48:39.364 INFO - <module>: Attach: {"CAVENDISH-[FDO25300XPX/dop-swl-decyo007]":"SUCCESS Peer attach Reponse :  SUCCESS"}
2021-12-29 11:48:40.740 INFO - <module>: Attach: {"Nordex-[FDO25300XPX/dop-swl-decyo007]":"SUCCESS Peer attach Reponse :  SUCCESS"}
2021-12-29 11:48:42.141 INFO - <module>: Attach: {"CHRIST-[FDO25300XPX/dop-swl-decyo007]":"SUCCESS Peer attach Reponse :  SUCCESS"}
2021-12-29 11:48:42.509 INFO - <module>: Attach: {"BLK-[FDO25300XPX/dop-swl-decyo007]":"SUCCESS Peer attach Reponse :  SUCCESS"}
2021-12-29 11:48:42.876 INFO - <module>: Attach: {"Vibalogics-[FDO25300XPX/dop-swl-decyo007]":"SUCCESS Peer attach Reponse :  SUCCESS"}
2021-12-29 11:48:43.228 INFO - <module>: Attach: {"DOP_INTERN-[FDO25300XPX/dop-swl-decyo007]":"SUCCESS Peer attach Reponse :  SUCCESS"}
2021-12-29 11:48:43.601 INFO - <module>: Attach: {"SOC-[FDO25300XPX/dop-swl-decyo007]":"SUCCESS Peer attach Reponse :  SUCCESS"}
2021-12-29 11:48:43.967 INFO - <module>: Attach: {"Dammers-[FDO25300XPX/dop-swl-decyo007]":"SUCCESS Peer attach Reponse :  SUCCESS"}
2021-12-29 11:48:44.332 INFO - <module>: Attach: {"HIL-[FDO25300XPX/dop-swl-decyo007]":"SUCCESS Peer attach Reponse :  SUCCESS"}
2021-12-29 11:48:44.708 INFO - <module>: Attach: {"LAM-[FDO25300XPX/dop-swl-decyo007]":"SUCCESS Peer attach Reponse :  SUCCESS"}
2021-12-29 11:48:58.817 INFO - <module>: +++++++++++++++++++++++++NEW+++++++++++++++++++++++++++++
2021-12-29 11:48:58.817 INFO - <module>: Settings Namespace(v='Kosmos,DONGES,HELLA,Wallenstein,SECOP,WEKA,REIFF,EVC,Extern,MWI,ERSPAN,SINN,OfficeFirst,MPLS,SCHLT,OoB,Fidelis,ENMO,Nordsee', s='FDO25300XPX,FDO25310H8J')
2021-12-29 11:48:58.925 INFO - <module>: Switch DOP-SWL-DECYO007
2021-12-29 11:48:59.027 INFO - <module>: Switch DOP-SWL-DECYO008
2021-12-29 11:48:59.256 INFO - <module>: VRF 2019 50019 Kosmos
2021-12-29 11:48:59.256 INFO - <module>: VRF 2043 50043 DONGES
2021-12-29 11:48:59.257 INFO - <module>: VRF 2040 50040 HELLA
2021-12-29 11:48:59.257 INFO - <module>: VRF 2023 50023 Wallenstein
2021-12-29 11:48:59.258 INFO - <module>: VRF 2031 50031 SECOP
2021-12-29 11:48:59.258 INFO - <module>: VRF 2011 50011 WEKA
2021-12-29 11:48:59.258 INFO - <module>: VRF 2039 50039 REIFF
2021-12-29 11:48:59.259 INFO - <module>: VRF 2030 50030 EVC
2021-12-29 11:48:59.259 INFO - <module>: VRF 2006 50006 Extern
2021-12-29 11:48:59.259 INFO - <module>: VRF 2036 50036 MWI
2021-12-29 11:48:59.260 INFO - <module>: VRF 2007 50007 ERSPAN
2021-12-29 11:48:59.260 INFO - <module>: VRF 2033 50033 SINN
2021-12-29 11:48:59.261 INFO - <module>: VRF 2029 50029 OfficeFirst
2021-12-29 11:48:59.261 INFO - <module>: VRF 2003 50003 MPLS
2021-12-29 11:48:59.261 INFO - <module>: VRF 2041 50041 SCHLT
2021-12-29 11:48:59.262 INFO - <module>: VRF 2004 50004 OoB
2021-12-29 11:48:59.262 INFO - <module>: VRF 2015 50015 Fidelis
2021-12-29 11:48:59.262 INFO - <module>: VRF 2052 50052 ENMO
2021-12-29 11:48:59.263 INFO - <module>: VRF 2051 50051 Nordsee
2021-12-29 11:49:06.680 INFO - <module>: Attach: {"Kosmos-[FDO25300XPX/dop-swl-decyo007]":"SUCCESS Peer attach Reponse :  SUCCESS"}
2021-12-29 11:49:07.038 INFO - <module>: Attach: {"DONGES-[FDO25300XPX/dop-swl-decyo007]":"SUCCESS Peer attach Reponse :  SUCCESS"}
2021-12-29 11:49:07.432 INFO - <module>: Attach: {"HELLA-[FDO25300XPX/dop-swl-decyo007]":"SUCCESS Peer attach Reponse :  SUCCESS"}
2021-12-29 11:49:07.726 INFO - <module>: Attach: {"Wallenstein-[FDO25300XPX/dop-swl-decyo007]":"SUCCESS Peer attach Reponse :  SUCCESS"}
2021-12-29 11:49:08.082 INFO - <module>: Attach: {"SECOP-[FDO25300XPX/dop-swl-decyo007]":"SUCCESS Peer attach Reponse :  SUCCESS"}
2021-12-29 11:49:08.450 INFO - <module>: Attach: {"WEKA-[FDO25300XPX/dop-swl-decyo007]":"SUCCESS Peer attach Reponse :  SUCCESS"}
2021-12-29 11:49:08.809 INFO - <module>: Attach: {"REIFF-[FDO25300XPX/dop-swl-decyo007]":"SUCCESS Peer attach Reponse :  SUCCESS"}
2021-12-29 11:49:09.165 INFO - <module>: Attach: {"EVC-[FDO25300XPX/dop-swl-decyo007]":"SUCCESS Peer attach Reponse :  SUCCESS"}
2021-12-29 11:49:09.554 INFO - <module>: Attach: {"Extern-[FDO25300XPX/dop-swl-decyo007]":"SUCCESS Peer attach Reponse :  SUCCESS"}
2021-12-29 11:49:09.931 INFO - <module>: Attach: {"MWI-[FDO25300XPX/dop-swl-decyo007]":"SUCCESS Peer attach Reponse :  SUCCESS"}
2021-12-29 11:49:10.299 INFO - <module>: Attach: {"ERSPAN-[FDO25300XPX/dop-swl-decyo007]":"SUCCESS Peer attach Reponse :  SUCCESS"}
2021-12-29 11:49:10.664 INFO - <module>: Attach: {"SINN-[FDO25300XPX/dop-swl-decyo007]":"SUCCESS Peer attach Reponse :  SUCCESS"}
2021-12-29 11:49:11.027 INFO - <module>: Attach: {"OfficeFirst-[FDO25300XPX/dop-swl-decyo007]":"SUCCESS Peer attach Reponse :  SUCCESS"}
2021-12-29 11:49:11.446 INFO - <module>: Attach: {"MPLS-[FDO25300XPX/dop-swl-decyo007]":"SUCCESS Peer attach Reponse :  SUCCESS"}
2021-12-29 11:49:11.859 INFO - <module>: Attach: {"SCHLT-[FDO25300XPX/dop-swl-decyo007]":"SUCCESS Peer attach Reponse :  SUCCESS"}
2021-12-29 11:49:12.259 INFO - <module>: Attach: {"OoB-[FDO25300XPX/dop-swl-decyo007]":"SUCCESS Peer attach Reponse :  SUCCESS"}
2021-12-29 11:49:12.625 INFO - <module>: Attach: {"Fidelis-[FDO25300XPX/dop-swl-decyo007]":"SUCCESS Peer attach Reponse :  SUCCESS"}
2021-12-29 11:49:13.013 INFO - <module>: Attach: {"ENMO-[FDO25300XPX/dop-swl-decyo007]":"SUCCESS Peer attach Reponse :  SUCCESS"}
2021-12-29 11:49:13.426 INFO - <module>: Attach: {"Nordsee-[FDO25300XPX/dop-swl-decyo007]":"SUCCESS Peer attach Reponse :  SUCCESS"}
2021-12-29 11:49:25.824 INFO - <module>: +++++++++++++++++++++++++NEW+++++++++++++++++++++++++++++
2021-12-29 11:49:25.824 INFO - <module>: Settings Namespace(v='MEZCRAFT,Almato,OPS-MGMT,THA,VitalAir,Mercoline,Ilim_Timber,Vedes,MMG,Granovit,TYTOGAZ,Hochwald,APTIV,DEMO,MONTRATEC', s='FDO25300XPX,FDO25310H8J')
2021-12-29 11:49:25.927 INFO - <module>: Switch DOP-SWL-DECYO007
2021-12-29 11:49:26.027 INFO - <module>: Switch DOP-SWL-DECYO008
2021-12-29 11:49:26.229 INFO - <module>: VRF 2025 50025 MEZCRAFT
2021-12-29 11:49:26.229 INFO - <module>: VRF 2050 50050 Almato
2021-12-29 11:49:26.230 INFO - <module>: VRF 2005 50005 OPS-MGMT
2021-12-29 11:49:26.230 INFO - <module>: VRF 2045 50045 THA
2021-12-29 11:49:26.231 INFO - <module>: VRF 2048 50048 VitalAir
2021-12-29 11:49:26.232 INFO - <module>: VRF 2020 50020 Mercoline
2021-12-29 11:49:26.233 INFO - <module>: VRF 2014 50014 Ilim_Timber
2021-12-29 11:49:26.234 INFO - <module>: VRF 2018 50018 Vedes
2021-12-29 11:49:26.235 INFO - <module>: VRF 2044 50044 MMG
2021-12-29 11:49:26.235 INFO - <module>: VRF 2017 50017 Granovit
2021-12-29 11:49:26.236 INFO - <module>: VRF 2026 50026 TYTOGAZ
2021-12-29 11:49:26.237 INFO - <module>: VRF 2028 50028 Hochwald
2021-12-29 11:49:26.238 INFO - <module>: VRF 2046 50046 APTIV
2021-12-29 11:49:26.239 INFO - <module>: VRF 2053 50053 DEMO
2021-12-29 11:49:26.240 INFO - <module>: VRF 2024 50024 MONTRATEC
2021-12-29 11:49:35.004 INFO - <module>: Attach: {"MEZCRAFT-[FDO25300XPX/dop-swl-decyo007]":"SUCCESS Peer attach Reponse :  SUCCESS"}
2021-12-29 11:49:35.455 INFO - <module>: Attach: {"Almato-[FDO25300XPX/dop-swl-decyo007]":"SUCCESS Peer attach Reponse :  SUCCESS"}
2021-12-29 11:49:35.833 INFO - <module>: Attach: {"OPS-MGMT-[FDO25300XPX/dop-swl-decyo007]":"SUCCESS Peer attach Reponse :  SUCCESS"}
2021-12-29 11:49:36.228 INFO - <module>: Attach: {"THA-[FDO25300XPX/dop-swl-decyo007]":"SUCCESS Peer attach Reponse :  SUCCESS"}
2021-12-29 11:49:36.586 INFO - <module>: Attach: {"VitalAir-[FDO25300XPX/dop-swl-decyo007]":"SUCCESS Peer attach Reponse :  SUCCESS"}
2021-12-29 11:49:36.951 INFO - <module>: Attach: {"Mercoline-[FDO25300XPX/dop-swl-decyo007]":"SUCCESS Peer attach Reponse :  SUCCESS"}
2021-12-29 11:49:37.315 INFO - <module>: Attach: {"Ilim_Timber-[FDO25300XPX/dop-swl-decyo007]":"SUCCESS Peer attach Reponse :  SUCCESS"}
2021-12-29 11:49:37.729 INFO - <module>: Attach: {"Vedes-[FDO25300XPX/dop-swl-decyo007]":"SUCCESS Peer attach Reponse :  SUCCESS"}
2021-12-29 11:49:38.083 INFO - <module>: Attach: {"MMG-[FDO25300XPX/dop-swl-decyo007]":"SUCCESS Peer attach Reponse :  SUCCESS"}
2021-12-29 11:49:38.439 INFO - <module>: Attach: {"Granovit-[FDO25300XPX/dop-swl-decyo007]":"SUCCESS Peer attach Reponse :  SUCCESS"}
2021-12-29 11:49:38.809 INFO - <module>: Attach: {"TYTOGAZ-[FDO25300XPX/dop-swl-decyo007]":"SUCCESS Peer attach Reponse :  SUCCESS"}
2021-12-29 11:49:39.185 INFO - <module>: Attach: {"Hochwald-[FDO25300XPX/dop-swl-decyo007]":"SUCCESS Peer attach Reponse :  SUCCESS"}
2021-12-29 11:49:39.608 INFO - <module>: Attach: {"APTIV-[FDO25300XPX/dop-swl-decyo007]":"SUCCESS Peer attach Reponse :  SUCCESS"}
2021-12-29 11:49:39.978 INFO - <module>: Attach: {"DEMO-[FDO25300XPX/dop-swl-decyo007]":"SUCCESS Peer attach Reponse :  SUCCESS"}
2021-12-29 11:49:40.403 INFO - <module>: Attach: {"MONTRATEC-[FDO25300XPX/dop-swl-decyo007]":"SUCCESS Peer attach Reponse :  SUCCESS"}
